2025-12-11 00:05:19, EXEC, v:1, k:poo@estacionamento, mode:FULL, rate:0
2025-12-11 00:28:53, EXEC, v:1, k:poo@estacionamento, mode:FULL, rate:0
2025-12-11 00:28:53, MOVE, v:1, k:poo@estacionamento, mode:BACK
2025-12-11 02:25:44, MOVE, v:1, k:poo@estacionamento, mode:PICK
2025-12-11 02:25:45, EXEC, v:1, k:poo@estacionamento, mode:FULL, rate:0
2025-12-11 02:25:46, EXEC, v:1, k:poo@estacionamento, mode:FULL, rate:0
2025-12-11 02:30:29, EXEC, v:1, k:poo@estacionamento, mode:FULL, rate:0, size:70
2025-12-11 02:30:31, EXEC, v:1, k:poo@estacionamento, mode:FULL, rate:0
2025-12-11 02:32:07, EXEC, v:1, k:poo@estacionamento, mode:FULL, rate:0, size:72
2025-12-11 02:32:09, EXEC, v:1, k:poo@estacionamento, mode:FULL, rate:0
2025-12-11 02:33:49, EXEC, v:1, k:poo@estacionamento, mode:FULL, rate:0, size:73
2025-12-11 02:34:27, EXEC, v:1, k:poo@estacionamento, mode:FULL, rate:0, size:73
2025-12-11 02:36:29, EXEC, v:1, k:poo@estacionamento, mode:FULL, rate:0, size:75
2025-12-11 02:36:31, EXEC, v:1, k:poo@estacionamento, mode:FULL, rate:0
2025-12-11 02:36:33, EXEC, v:1, k:poo@estacionamento, mode:FULL, rate:0
2025-12-11 02:36:33, EXEC, v:1, k:poo@estacionamento, mode:FULL, rate:0
2025-12-11 02:36:46, EXEC, v:1, k:poo@estacionamento, mode:FULL, rate:0
2025-12-11 02:36:57, EXEC, v:1, k:poo@estacionamento, mode:FULL, rate:0
2025-12-11 02:36:57, MOVE, v:1, k:poo@estacionamento, mode:BACK
2025-12-11 02:37:04, MOVE, v:1, k:poo@estacionamento, mode:PICK
2025-12-11 02:37:04, EXEC, v:1, k:poo@estacionamento, mode:FULL, rate:0
2025-12-11 02:37:05, EXEC, v:1, k:poo@estacionamento, mode:FULL, rate:0
2025-12-11 02:37:47, EXEC, v:1, k:poo@estacionamento, mode:FULL, rate:0, size:75
2025-12-11 02:38:17, EXEC, v:1, k:poo@estacionamento, mode:FULL, rate:0
2025-12-11 02:39:32, EXEC, v:1, k:poo@estacionamento, mode:FULL, rate:0, size:75
2025-12-11 02:43:56, EXEC, v:1, k:poo@estacionamento, mode:FULL, rate:0, size:79
2025-12-11 02:43:57, MOVE, v:1, k:poo@estacionamento, mode:BACK
2025-12-11 02:44:07, MOVE, v:1, k:poo@estacionamento, mode:PICK
2025-12-11 02:44:08, EXEC, v:1, k:poo@estacionamento, mode:FULL, rate:0
2025-12-11 02:44:08, EXEC, v:1, k:poo@estacionamento, mode:FULL, rate:0
2025-12-11 02:45:27, EXEC, v:1, k:poo@estacionamento, mode:FULL, rate:0, size:79
2025-12-11 02:45:28, EXEC, v:1, k:poo@estacionamento, mode:FULL, rate:0
2025-12-11 02:47:33, EXEC, v:1, k:poo@estacionamento, mode:FULL, rate:0, size:81
2025-12-11 02:48:40, EXEC, v:1, k:poo@estacionamento, mode:FULL, rate:0, size:84
2025-12-11 02:49:09, EXEC, v:1, k:poo@estacionamento, mode:FULL, rate:0, size:84
2025-12-11 02:49:10, EXEC, v:1, k:poo@estacionamento, mode:FULL, rate:0
2025-12-11 02:49:52, EXEC, v:1, k:poo@estacionamento, mode:FULL, rate:0
2025-12-11 02:50:11, EXEC, v:1, k:poo@estacionamento, mode:FULL, rate:0
2025-12-11 02:50:11, MOVE, v:1, k:poo@estacionamento, mode:BACK
2025-12-11 02:50:19, MOVE, v:1, k:poo@estacionamento, mode:PICK
2025-12-11 02:50:20, EXEC, v:1, k:poo@estacionamento, mode:FULL, rate:0
2025-12-11 02:50:21, EXEC, v:1, k:poo@estacionamento, mode:FULL, rate:0
2025-12-11 02:50:27, EXEC, v:1, k:poo@estacionamento, mode:FULL, rate:0
2025-12-11 02:52:13, EXEC, v:1, k:poo@estacionamento, mode:FULL, rate:0, size:87
2025-12-11 02:52:14, EXEC, v:1, k:poo@estacionamento, mode:FULL, rate:0
2025-12-11 02:52:15, EXEC, v:1, k:poo@estacionamento, mode:FULL, rate:0
2025-12-11 02:52:45, EXEC, v:1, k:poo@estacionamento, mode:FULL, rate:0, size:87
2025-12-11 02:52:47, EXEC, v:1, k:poo@estacionamento, mode:FULL, rate:0
2025-12-11 02:53:56, EXEC, v:1, k:poo@estacionamento, mode:FULL, rate:0, size:91
2025-12-11 02:53:57, EXEC, v:1, k:poo@estacionamento, mode:FULL, rate:0
2025-12-11 02:53:58, EXEC, v:1, k:poo@estacionamento, mode:FULL, rate:0
2025-12-11 02:54:15, EXEC, v:1, k:poo@estacionamento, mode:FULL, rate:0, size:90
2025-12-11 02:57:02, EXEC, v:1, k:poo@estacionamento, mode:FULL, rate:0, size:90
2025-12-11 02:57:31, MOVE, v:1, k:poo@estacionamento, mode:PICK
2025-12-11 02:57:31, EXEC, v:1, k:poo@estacionamento, mode:FULL, rate:0, size:90
2025-12-11 02:57:34, EXEC, v:1, k:poo@estacionamento, mode:FULL, rate:0
2025-12-11 02:57:47, EXEC, v:1, k:poo@estacionamento, mode:FULL, rate:0, size:90
2025-12-11 03:03:08, EXEC, v:1, k:poo@estacionamento, mode:FULL, rate:0, size:97
2025-12-11 03:03:28, EXEC, v:1, k:poo@estacionamento, mode:FULL, rate:0, size:97
2025-12-11 03:03:30, EXEC, v:1, k:poo@estacionamento, mode:FULL, rate:0
2025-12-11 03:03:43, EXEC, v:1, k:poo@estacionamento, mode:FULL, rate:0, size:97
2025-12-11 03:04:05, EXEC, v:1, k:poo@estacionamento, mode:FULL, rate:0
2025-12-11 03:04:12, EXEC, v:1, k:poo@estacionamento, mode:FULL, rate:0, size:97
2025-12-11 03:04:13, EXEC, v:1, k:poo@estacionamento, mode:FULL, rate:0
2025-12-11 03:04:13, EXEC, v:1, k:poo@estacionamento, mode:FULL, rate:0
2025-12-11 03:05:26, EXEC, v:1, k:poo@estacionamento, mode:FULL, rate:0
2025-12-11 03:07:02, MOVE, v:1, k:poo@estacionamento, mode:PICK
2025-12-11 03:07:02, EXEC, v:1, k:poo@estacionamento, mode:FULL, rate:0
2025-12-11 03:08:56, EXEC, v:1, k:poo@estacionamento, mode:FULL, rate:0, size:97
2025-12-11 03:08:58, EXEC, v:1, k:poo@estacionamento, mode:FULL, rate:0
2025-12-11 03:11:30, EXEC, v:1, k:poo@estacionamento, mode:FULL, rate:0, size:97
2025-12-11 03:12:12, EXEC, v:1, k:poo@estacionamento, mode:FULL, rate:0
2025-12-11 03:12:12, EXEC, v:1, k:poo@estacionamento, mode:FULL, rate:0
2025-12-11 03:28:54, EXEC, v:1, k:poo@estacionamento, mode:FULL, rate:0
2025-12-11 03:28:54, EXEC, v:1, k:poo@estacionamento, mode:FULL, rate:0
2025-12-11 03:28:55, MOVE, v:1, k:poo@estacionamento, mode:BACK
2025-12-11 03:29:00, MOVE, v:1, k:poo@estacionamento, mode:PICK
2025-12-11 03:29:00, EXEC, v:1, k:poo@estacionamento, mode:FULL, rate:0
2025-12-11 03:29:01, EXEC, v:1, k:poo@estacionamento, mode:FULL, rate:0
2025-12-11 03:30:17, MOVE, v:1, k:poo@estacionamento, mode:BACK
2025-12-11 03:30:19, MOVE, v:1, k:poo@estacionamento, mode:PICK
2025-12-11 03:30:19, EXEC, v:1, k:poo@estacionamento, mode:FULL, rate:0, size:97
2025-12-11 03:32:49, EXEC, v:1, k:poo@estacionamento, mode:FULL, rate:0, size:100
2025-12-11 03:33:04, EXEC, v:1, k:poo@estacionamento, mode:FULL, rate:0, size:100
2025-12-11 03:33:09, EXEC, v:1, k:poo@estacionamento, mode:FULL, rate:0, size:100
2025-12-11 03:33:17, EXEC, v:1, k:poo@estacionamento, mode:FULL, rate:0, size:100
2025-12-11 03:33:23, EXEC, v:1, k:poo@estacionamento, mode:FULL, rate:0
2025-12-11 03:33:28, EXEC, v:1, k:poo@estacionamento, mode:FULL, rate:25, size:100
2025-12-11 03:33:53, EXEC, v:1, k:poo@estacionamento, mode:FULL, rate:25
2025-12-11 03:35:09, EXEC, v:1, k:poo@estacionamento, mode:FULL, rate:25, size:100
2025-12-11 03:35:24, EXEC, v:1, k:poo@estacionamento, mode:FULL, rate:25
2025-12-11 03:37:05, EXEC, v:1, k:poo@estacionamento, mode:FULL, rate:25
2025-12-11 03:39:37, EXEC, v:1, k:poo@estacionamento, mode:FULL, rate:25
2025-12-11 03:39:38, MOVE, v:1, k:poo@estacionamento, mode:BACK
2025-12-11 03:39:52, MOVE, v:1, k:poo@estacionamento, mode:PICK
2025-12-11 03:39:53, EXEC, v:1, k:poo@estacionamento, mode:FULL, rate:25
2025-12-11 03:39:53, EXEC, v:1, k:poo@estacionamento, mode:FULL, rate:25
2025-12-11 03:43:55, EXEC, v:1, k:poo@estacionamento, mode:FULL, rate:0, size:104
2025-12-11 03:44:01, EXEC, v:1, k:poo@estacionamento, mode:FULL, rate:0
2025-12-11 03:47:37, EXEC, v:1, k:poo@estacionamento, mode:FULL, rate:0
2025-12-11 03:49:52, EXEC, v:1, k:poo@estacionamento, mode:FULL, rate:0, size:104
2025-12-11 03:50:55, EXEC, v:1, k:poo@estacionamento, mode:FULL, rate:0
2025-12-11 03:51:21, EXEC, v:1, k:poo@estacionamento, mode:FULL, rate:25, size:104
2025-12-11 03:52:07, EXEC, v:1, k:poo@estacionamento, mode:FULL, rate:25
2025-12-11 03:52:08, MOVE, v:1, k:poo@estacionamento, mode:BACK
2025-12-11 03:52:21, MOVE, v:1, k:poo@estacionamento, mode:PICK
2025-12-11 03:52:22, EXEC, v:1, k:poo@estacionamento, mode:FULL, rate:25
2025-12-11 03:54:01, EXEC, v:1, k:poo@estacionamento, mode:FULL, rate:75, size:107
2025-12-11 03:54:13, EXEC, v:1, k:poo@estacionamento, mode:FULL, rate:75, size:104
2025-12-11 03:54:17, MOVE, v:1, k:poo@estacionamento, mode:BACK
2025-12-11 03:54:24, MOVE, v:1, k:poo@estacionamento, mode:PICK
2025-12-11 03:54:24, EXEC, v:1, k:poo@estacionamento, mode:FULL, rate:75
2025-12-11 03:54:25, EXEC, v:1, k:poo@estacionamento, mode:FULL, rate:75
2025-12-11 04:05:09, EXEC, v:1, k:poo@estacionamento, mode:FULL, rate:0, size:108
2025-12-11 04:06:22, EXEC, v:1, k:poo@estacionamento, mode:FULL, rate:75, size:114
2025-12-11 04:08:57, EXEC, v:1, k:poo@estacionamento, mode:FULL, rate:75, size:119
2025-12-11 04:09:19, EXEC, v:1, k:poo@estacionamento, mode:FULL, rate:75, size:119
2025-12-11 04:10:18, EXEC, v:1, k:poo@estacionamento, mode:FULL, rate:75, size:121
2025-12-11 04:10:39, EXEC, v:1, k:poo@estacionamento, mode:FULL, rate:75, size:121
2025-12-11 04:11:02, EXEC, v:1, k:poo@estacionamento, mode:FULL, rate:75
2025-12-11 04:12:09, EXEC, v:1, k:poo@estacionamento, mode:FULL, rate:75, size:121
2025-12-11 04:13:20, EXEC, v:1, k:poo@estacionamento, mode:FULL, rate:75, size:123
2025-12-11 04:14:25, EXEC, v:1, k:poo@estacionamento, mode:FULL, rate:0, size:124
2025-12-11 04:15:12, EXEC, v:1, k:poo@estacionamento, mode:FULL, rate:0, size:124
2025-12-11 04:15:14, EXEC, v:1, k:poo@estacionamento, mode:FULL, rate:0
2025-12-11 04:15:52, EXEC, v:1, k:poo@estacionamento, mode:FULL, rate:75, size:124
2025-12-11 04:16:57, EXEC, v:1, k:poo@estacionamento, mode:FULL, rate:75, size:124
2025-12-11 04:19:09, EXEC, v:1, k:poo@estacionamento, mode:FULL, rate:75, size:123
2025-12-11 04:21:06, EXEC, v:1, k:poo@estacionamento, mode:FULL, rate:75, size:125
2025-12-11 04:21:17, EXEC, v:1, k:poo@estacionamento, mode:FULL, rate:75, size:125
2025-12-11 04:21:34, EXEC, v:1, k:poo@estacionamento, mode:FULL, rate:75, size:125
2025-12-11 04:21:51, EXEC, v:1, k:poo@estacionamento, mode:FULL, rate:75, size:125
2025-12-11 04:22:03, EXEC, v:1, k:poo@estacionamento, mode:FULL, rate:75, size:125
2025-12-11 04:23:10, EXEC, v:1, k:poo@estacionamento, mode:FULL, rate:100, size:128
2025-12-11 04:23:27, EXEC, v:1, k:poo@estacionamento, mode:FULL, rate:100
2025-12-11 04:23:28, MOVE, v:1, k:poo@estacionamento, mode:BACK
2025-12-11 04:25:08, SELF, v:1, k:poo@pagamento, rate:100, guide:aula, alone:6, study:260
2025-12-11 04:25:14, MOVE, v:1, k:poo@pagamento, mode:PICK
2025-12-11 04:25:15, MOVE, v:1, k:poo@pagamento, mode:BACK
2025-12-11 04:25:24, SELF, v:1, k:poo@pagamento, rate:100, guide:aula, alone:7, study:260
2025-12-11 04:25:59, SELF, v:1, k:poo@estacionamento, rate:100, human:amigo, iagen:gpt, alone:6, study:380
