2025-12-09 01:03:41, MOVE, v:1, k:poo@pagamento, mode:PICK
2025-12-09 01:03:42, EXEC, v:1, k:poo@pagamento, mode:LOCK, rate:0
2025-12-09 01:18:41, EXEC, v:1, k:poo@pagamento, mode:LOCK, rate:0
2025-12-09 01:19:30, EXEC, v:1, k:poo@pagamento, mode:LOCK, rate:100, size:0
2025-12-09 01:19:31, EXEC, v:1, k:poo@pagamento, mode:LOCK, rate:100
2025-12-09 01:19:32, EXEC, v:1, k:poo@pagamento, mode:LOCK, rate:100
2025-12-09 01:19:44, EXEC, v:1, k:poo@pagamento, mode:LOCK, rate:100, size:6
2025-12-09 01:19:45, EXEC, v:1, k:poo@pagamento, mode:LOCK, rate:100
2025-12-09 01:19:47, EXEC, v:1, k:poo@pagamento, mode:LOCK, rate:100
2025-12-09 01:19:58, EXEC, v:1, k:poo@pagamento, mode:LOCK, rate:100
2025-12-09 01:19:59, MOVE, v:1, k:poo@pagamento, mode:BACK
2025-12-09 01:20:10, MOVE, v:1, k:poo@pagamento, mode:PICK
2025-12-09 01:20:10, EXEC, v:1, k:poo@pagamento, mode:LOCK, rate:100
2025-12-09 01:20:11, EXEC, v:1, k:poo@pagamento, mode:LOCK, rate:100
2025-12-09 01:20:16, EXEC, v:1, k:poo@pagamento, mode:LOCK, rate:100
2025-12-09 01:31:42, EXEC, v:1, k:poo@pagamento, mode:LOCK, rate:100
2025-12-09 01:31:43, MOVE, v:1, k:poo@pagamento, mode:BACK
2025-12-09 01:31:50, MOVE, v:1, k:poo@pagamento, mode:PICK
2025-12-09 01:31:50, EXEC, v:1, k:poo@pagamento, mode:LOCK, rate:100
2025-12-09 01:32:02, EXEC, v:1, k:poo@pagamento, mode:LOCK, rate:0, size:18
2025-12-09 01:32:03, MOVE, v:1, k:poo@pagamento, mode:BACK
2025-12-09 01:32:08, MOVE, v:1, k:poo@pagamento, mode:PICK
2025-12-09 01:32:08, EXEC, v:1, k:poo@pagamento, mode:LOCK, rate:0
2025-12-09 01:32:09, EXEC, v:1, k:poo@pagamento, mode:LOCK, rate:0
2025-12-09 01:32:09, EXEC, v:1, k:poo@pagamento, mode:LOCK, rate:0
2025-12-09 01:32:21, EXEC, v:1, k:poo@pagamento, mode:LOCK, rate:100, size:18
2025-12-09 01:32:38, EXEC, v:1, k:poo@pagamento, mode:LOCK, rate:100
2025-12-09 01:32:38, EXEC, v:1, k:poo@pagamento, mode:LOCK, rate:100, size:16
2025-12-09 01:32:42, EXEC, v:1, k:poo@pagamento, mode:LOCK, rate:100, size:18
2025-12-09 01:32:43, EXEC, v:1, k:poo@pagamento, mode:LOCK, rate:100
2025-12-09 01:32:43, MOVE, v:1, k:poo@pagamento, mode:BACK
2025-12-09 01:32:44, MOVE, v:1, k:poo@pagamento, mode:PICK
2025-12-09 01:32:44, EXEC, v:1, k:poo@pagamento, mode:LOCK, rate:100
2025-12-09 01:32:45, EXEC, v:1, k:poo@pagamento, mode:LOCK, rate:100
2025-12-09 01:32:46, EXEC, v:1, k:poo@pagamento, mode:LOCK, rate:100
2025-12-09 01:32:46, MOVE, v:1, k:poo@pagamento, mode:BACK
2025-12-09 01:32:47, MOVE, v:1, k:poo@pagamento, mode:PICK
2025-12-09 01:32:47, EXEC, v:1, k:poo@pagamento, mode:LOCK, rate:100
2025-12-09 01:32:48, EXEC, v:1, k:poo@pagamento, mode:LOCK, rate:100
2025-12-09 01:32:48, EXEC, v:1, k:poo@pagamento, mode:LOCK, rate:100
2025-12-09 01:32:49, EXEC, v:1, k:poo@pagamento, mode:LOCK, rate:100
2025-12-09 01:32:52, EXEC, v:1, k:poo@pagamento, mode:LOCK, rate:100
2025-12-09 01:48:11, EXEC, v:1, k:poo@pagamento, mode:LOCK, rate:100
2025-12-09 01:48:27, EXEC, v:1, k:poo@pagamento, mode:LOCK, rate:100, size:27
2025-12-09 01:48:33, EXEC, v:1, k:poo@pagamento, mode:LOCK, rate:100
2025-12-09 01:48:34, MOVE, v:1, k:poo@pagamento, mode:BACK
2025-12-09 01:48:37, MOVE, v:1, k:poo@pagamento, mode:PICK
2025-12-09 01:48:38, EXEC, v:1, k:poo@pagamento, mode:LOCK, rate:100
2025-12-09 01:48:38, EXEC, v:1, k:poo@pagamento, mode:LOCK, rate:100
2025-12-09 02:00:00, EXEC, v:1, k:poo@pagamento, mode:LOCK, rate:100
2025-12-09 02:00:26, EXEC, v:1, k:poo@pagamento, mode:LOCK, rate:100, size:36
2025-12-09 02:00:27, EXEC, v:1, k:poo@pagamento, mode:LOCK, rate:100
2025-12-09 02:00:27, MOVE, v:1, k:poo@pagamento, mode:BACK
2025-12-09 02:00:28, MOVE, v:1, k:poo@pagamento, mode:PICK
2025-12-09 02:00:28, EXEC, v:1, k:poo@pagamento, mode:LOCK, rate:100
2025-12-09 02:00:29, EXEC, v:1, k:poo@pagamento, mode:LOCK, rate:100
2025-12-09 02:00:29, EXEC, v:1, k:poo@pagamento, mode:LOCK, rate:100
2025-12-09 02:00:30, EXEC, v:1, k:poo@pagamento, mode:LOCK, rate:100
2025-12-09 02:06:01, EXEC, v:1, k:poo@pagamento, mode:LOCK, rate:100
2025-12-09 02:06:18, EXEC, v:1, k:poo@pagamento, mode:LOCK, rate:0, size:48
2025-12-09 02:06:32, EXEC, v:1, k:poo@pagamento, mode:LOCK, rate:0, size:48
2025-12-09 02:06:34, EXEC, v:1, k:poo@pagamento, mode:LOCK, rate:0
2025-12-09 02:06:57, EXEC, v:1, k:poo@pagamento, mode:LOCK, rate:0, size:48
2025-12-09 02:06:58, EXEC, v:1, k:poo@pagamento, mode:LOCK, rate:0
2025-12-09 02:07:36, MOVE, v:1, k:poo@pagamento, mode:PICK
2025-12-09 02:07:36, EXEC, v:1, k:poo@pagamento, mode:LOCK, rate:0
2025-12-09 02:08:15, EXEC, v:1, k:poo@pagamento, mode:LOCK, rate:0, size:48
2025-12-09 02:08:16, EXEC, v:1, k:poo@pagamento, mode:LOCK, rate:0
2025-12-09 02:08:21, EXEC, v:1, k:poo@pagamento, mode:LOCK, rate:0
2025-12-09 02:10:20, EXEC, v:1, k:poo@pagamento, mode:LOCK, rate:0, size:66
2025-12-09 02:10:21, EXEC, v:1, k:poo@pagamento, mode:LOCK, rate:0
2025-12-09 02:10:26, EXEC, v:1, k:poo@pagamento, mode:LOCK, rate:0
2025-12-09 02:10:26, MOVE, v:1, k:poo@pagamento, mode:BACK
2025-12-09 02:10:32, MOVE, v:1, k:poo@pagamento, mode:PICK
2025-12-09 02:10:32, EXEC, v:1, k:poo@pagamento, mode:LOCK, rate:0
2025-12-09 02:22:53, EXEC, v:1, k:poo@pagamento, mode:LOCK, rate:0
2025-12-09 02:22:54, EXEC, v:1, k:poo@pagamento, mode:LOCK, rate:0
2025-12-09 02:22:55, EXEC, v:1, k:poo@pagamento, mode:LOCK, rate:0
2025-12-09 18:44:22, MOVE, v:1, k:poo@estacionamento, mode:DOWN
2025-12-09 18:44:22, MOVE, v:1, k:poo@estacionamento, mode:PICK
2025-12-09 18:44:23, EXEC, v:1, k:poo@estacionamento, mode:FULL, rate:0, size:0
2025-12-09 18:45:06, EXEC, v:1, k:poo@estacionamento, mode:FULL, rate:0
2025-12-09 18:48:21, EXEC, v:1, k:poo@estacionamento, mode:FULL, rate:0, size:4
2025-12-09 18:56:41, EXEC, v:1, k:poo@estacionamento, mode:FULL, rate:0, size:11
2025-12-09 18:56:43, EXEC, v:1, k:poo@estacionamento, mode:FULL, rate:0
2025-12-09 18:59:06, EXEC, v:1, k:poo@estacionamento, mode:FULL, rate:0, size:17
2025-12-09 18:59:09, EXEC, v:1, k:poo@estacionamento, mode:FULL, rate:0
2025-12-09 19:01:17, EXEC, v:1, k:poo@estacionamento, mode:FULL, rate:0, size:21
2025-12-09 19:01:28, EXEC, v:1, k:poo@estacionamento, mode:FULL, rate:0, size:18
2025-12-09 19:02:50, EXEC, v:1, k:poo@estacionamento, mode:FULL, rate:0, size:22
2025-12-09 19:02:51, EXEC, v:1, k:poo@estacionamento, mode:FULL, rate:0
2025-12-09 19:09:27, EXEC, v:1, k:poo@estacionamento, mode:FULL, rate:0, size:32
2025-12-09 19:10:20, EXEC, v:1, k:poo@estacionamento, mode:FULL, rate:0
2025-12-09 19:11:14, EXEC, v:1, k:poo@estacionamento, mode:FULL, rate:0, size:34
2025-12-09 19:11:15, EXEC, v:1, k:poo@estacionamento, mode:FULL, rate:0
2025-12-09 19:11:56, EXEC, v:1, k:poo@estacionamento, mode:FULL, rate:0, size:32
2025-12-09 19:14:41, EXEC, v:1, k:poo@estacionamento, mode:FULL, rate:0, size:33
2025-12-09 19:15:13, EXEC, v:1, k:poo@estacionamento, mode:FULL, rate:0, size:33
2025-12-09 19:20:59, EXEC, v:1, k:poo@estacionamento, mode:FULL, rate:0, size:43
2025-12-09 19:21:00, EXEC, v:1, k:poo@estacionamento, mode:FULL, rate:0
2025-12-09 19:21:02, EXEC, v:1, k:poo@estacionamento, mode:FULL, rate:0
2025-12-09 19:23:30, EXEC, v:1, k:poo@estacionamento, mode:FULL, rate:0, size:52
2025-12-09 19:23:31, EXEC, v:1, k:poo@estacionamento, mode:FULL, rate:0
2025-12-09 19:23:32, EXEC, v:1, k:poo@estacionamento, mode:FULL, rate:0
2025-12-09 19:23:33, MOVE, v:1, k:poo@estacionamento, mode:BACK
2025-12-09 19:23:35, MOVE, v:1, k:poo@estacionamento, mode:PICK
2025-12-09 19:23:35, EXEC, v:1, k:poo@estacionamento, mode:FULL, rate:0
2025-12-09 19:23:36, EXEC, v:1, k:poo@estacionamento, mode:FULL, rate:0
2025-12-09 19:23:37, EXEC, v:1, k:poo@estacionamento, mode:FULL, rate:0
2025-12-09 19:24:30, EXEC, v:1, k:poo@estacionamento, mode:FULL, rate:0, size:52
2025-12-09 19:24:32, EXEC, v:1, k:poo@estacionamento, mode:FULL, rate:0
2025-12-09 19:28:28, EXEC, v:1, k:poo@estacionamento, mode:FULL, rate:0, size:56
2025-12-09 19:34:36, EXEC, v:1, k:poo@estacionamento, mode:FULL, rate:0
2025-12-09 19:35:00, EXEC, v:1, k:poo@estacionamento, mode:FULL, rate:0, size:56
2025-12-09 19:37:54, EXEC, v:1, k:poo@estacionamento, mode:FULL, rate:0, size:49
2025-12-09 19:40:02, EXEC, v:1, k:poo@estacionamento, mode:FULL, rate:0, size:49
2025-12-09 19:40:04, EXEC, v:1, k:poo@estacionamento, mode:FULL, rate:0
2025-12-09 19:41:06, EXEC, v:1, k:poo@estacionamento, mode:FULL, rate:0
2025-12-09 19:42:04, EXEC, v:1, k:poo@estacionamento, mode:FULL, rate:0, size:61
2025-12-09 19:42:06, EXEC, v:1, k:poo@estacionamento, mode:FULL, rate:0
2025-12-09 19:42:17, EXEC, v:1, k:poo@estacionamento, mode:FULL, rate:0
2025-12-09 19:45:57, EXEC, v:1, k:poo@estacionamento, mode:FULL, rate:0, size:66
2025-12-09 19:46:12, EXEC, v:1, k:poo@estacionamento, mode:FULL, rate:0, size:66
2025-12-09 22:04:03, MOVE, v:1, k:poo@pagamento, mode:PICK
2025-12-09 22:04:04, EXEC, v:1, k:poo@pagamento, mode:LOCK, rate:0
2025-12-09 22:04:05, EXEC, v:1, k:poo@pagamento, mode:LOCK, rate:0
2025-12-09 22:04:05, EXEC, v:1, k:poo@pagamento, mode:LOCK, rate:0
2025-12-09 22:04:05, EXEC, v:1, k:poo@pagamento, mode:LOCK, rate:0
2025-12-09 22:07:58, EXEC, v:1, k:poo@pagamento, mode:LOCK, rate:0
2025-12-09 22:12:34, EXEC, v:1, k:poo@pagamento, mode:LOCK, rate:0
2025-12-09 22:22:22, EXEC, v:1, k:poo@pagamento, mode:LOCK, rate:0
2025-12-09 22:29:16, EXEC, v:1, k:poo@pagamento, mode:LOCK, rate:0
2025-12-09 22:54:15, EXEC, v:1, k:poo@pagamento, mode:LOCK, rate:0
2025-12-09 22:58:02, EXEC, v:1, k:poo@pagamento, mode:LOCK, rate:0
2025-12-09 22:58:02, MOVE, v:1, k:poo@pagamento, mode:BACK
2025-12-09 22:58:08, MOVE, v:1, k:poo@estacionamento, mode:PICK
2025-12-09 22:58:08, EXEC, v:1, k:poo@estacionamento, mode:FULL, rate:0
2025-12-09 22:58:09, EXEC, v:1, k:poo@estacionamento, mode:FULL, rate:0
2025-12-09 22:58:10, EXEC, v:1, k:poo@estacionamento, mode:FULL, rate:0
2025-12-09 23:26:07, EXEC, v:1, k:poo@estacionamento, mode:FULL, rate:0
2025-12-09 23:26:08, EXEC, v:1, k:poo@estacionamento, mode:FULL, rate:0
2025-12-09 23:26:08, MOVE, v:1, k:poo@estacionamento, mode:BACK
2025-12-09 23:26:10, MOVE, v:1, k:poo@estacionamento, mode:PICK
2025-12-09 23:26:11, EXEC, v:1, k:poo@estacionamento, mode:FULL, rate:0
2025-12-09 23:26:11, MOVE, v:1, k:poo@estacionamento, mode:BACK
2025-12-09 23:26:13, MOVE, v:1, k:poo@estacionamento, mode:PICK
2025-12-09 23:26:13, EXEC, v:1, k:poo@estacionamento, mode:FULL, rate:0
2025-12-09 23:26:14, EXEC, v:1, k:poo@estacionamento, mode:FULL, rate:0
2025-12-09 23:54:20, EXEC, v:1, k:poo@estacionamento, mode:FULL, rate:0
2025-12-09 23:54:21, EXEC, v:1, k:poo@estacionamento, mode:FULL, rate:0
2025-12-09 23:54:21, MOVE, v:1, k:poo@estacionamento, mode:BACK
2025-12-09 23:54:22, MOVE, v:1, k:poo@estacionamento, mode:PICK
2025-12-09 23:54:23, EXEC, v:1, k:poo@estacionamento, mode:FULL, rate:0
2025-12-09 23:54:23, EXEC, v:1, k:poo@estacionamento, mode:FULL, rate:0
